生成启动时间为 2018/1/25 11:43:18。
     1>项目“F:\VS2013\C++\RTP_MatserVoice\VoiceMaster-remote-git\TrboX 3.0\MasterNet\MasterNet\MasterNet\MasterNet.vcxproj”在节点 2 上(Rebuild 个目标)。
     1>ClCompile:
         E:\Program x86C\Microsoft Visual Studio 12.0\VC\bin\CL.exe /c /I"F:\VS2013\C++\RTP_MatserVoice\VoiceMaster-remote-git\TrboX 3.0\MasterNet\MasterNet\MasterNet" /I"F:\VS2013\C++\RTP_MatserVoice\VoiceMaster-remote-git\TrboX 3.0\MasterNet\MasterNet\MasterNet\yy-file\lib\JsonWrap\include\json" /I"F:\VS2013\C++\RTP_MatserVoice\VoiceMaster-remote-git\TrboX 3.0\MasterNet\MasterNet\MasterNet\yy-file\lib\jrtplib\include\jrtplib3" /I"F:\VS2013\C++\RTP_MatserVoice\VoiceMaster-remote-git\TrboX 3.0\MasterNet\MasterNet\MasterNet\yy-file\src" /I"F:\VS2013\C++\RTP_MatserVoice\VoiceMaster-remote-git\TrboX 3.0\MasterNet\MasterNet\MasterNet\yy-file\src\SynInterface" /I"F:\VS2013\C++\RTP_MatserVoice\VoiceMaster-remote-git\TrboX 3.0\MasterNet\MasterNet\MasterNet\yy-file\src\SocketWrap" /I"F:\VS2013\C++\RTP_MatserVoice\VoiceMaster-remote-git\TrboX 3.0\MasterNet\MasterNet\MasterNet\yy-file\src\MyRTP" /I"F:\VS2013\C++\RTP_MatserVoice\VoiceMaster-remote-git\TrboX 3.0\MasterNet\MasterNet\MasterNet\yy-file\src\MyProtocol" /I"F:\VS2013\C++\RTP_MatserVoice\VoiceMaster-remote-git\TrboX 3.0\MasterNet\MasterNet\MasterNet\yy-file\src\FifoQueue" /I"F:\VS2013\C++\RTP_MatserVoice\VoiceMaster-remote-git\TrboX 3.0\MasterNet\MasterNet\MasterNet\yy-file\src\Common" /I"F:\VS2013\C++\RTP_MatserVoice\VoiceMaster-remote-git\TrboX 3.0\MasterNet\MasterNet\MasterNet\yy-file\src\ClientObj" /ZI /nologo /W3 /WX- /sdl /Od /Oy- /D WIN32 /D _DEBUG /D _CONSOLE /D _LIB /D _UNICODE /D UNICODE /Gm /EHsc /RTC1 /MDd /GS /fp:precise /Zc:wchar_t /Zc:forScope /Yc"stdafx.h" /Fp"Debug\MasterNet.pch" /Fo"Debug\\" /Fd"Debug\vc120.pdb" /Gd /TP /analyze- /errorReport:prompt stdafx.cpp
         stdafx.cpp
         E:\Program x86C\Microsoft Visual Studio 12.0\VC\bin\CL.exe /c /I"F:\VS2013\C++\RTP_MatserVoice\VoiceMaster-remote-git\TrboX 3.0\MasterNet\MasterNet\MasterNet" /I"F:\VS2013\C++\RTP_MatserVoice\VoiceMaster-remote-git\TrboX 3.0\MasterNet\MasterNet\MasterNet\yy-file\lib\JsonWrap\include\json" /I"F:\VS2013\C++\RTP_MatserVoice\VoiceMaster-remote-git\TrboX 3.0\MasterNet\MasterNet\MasterNet\yy-file\lib\jrtplib\include\jrtplib3" /I"F:\VS2013\C++\RTP_MatserVoice\VoiceMaster-remote-git\TrboX 3.0\MasterNet\MasterNet\MasterNet\yy-file\src" /I"F:\VS2013\C++\RTP_MatserVoice\VoiceMaster-remote-git\TrboX 3.0\MasterNet\MasterNet\MasterNet\yy-file\src\SynInterface" /I"F:\VS2013\C++\RTP_MatserVoice\VoiceMaster-remote-git\TrboX 3.0\MasterNet\MasterNet\MasterNet\yy-file\src\SocketWrap" /I"F:\VS2013\C++\RTP_MatserVoice\VoiceMaster-remote-git\TrboX 3.0\MasterNet\MasterNet\MasterNet\yy-file\src\MyRTP" /I"F:\VS2013\C++\RTP_MatserVoice\VoiceMaster-remote-git\TrboX 3.0\MasterNet\MasterNet\MasterNet\yy-file\src\MyProtocol" /I"F:\VS2013\C++\RTP_MatserVoice\VoiceMaster-remote-git\TrboX 3.0\MasterNet\MasterNet\MasterNet\yy-file\src\FifoQueue" /I"F:\VS2013\C++\RTP_MatserVoice\VoiceMaster-remote-git\TrboX 3.0\MasterNet\MasterNet\MasterNet\yy-file\src\Common" /I"F:\VS2013\C++\RTP_MatserVoice\VoiceMaster-remote-git\TrboX 3.0\MasterNet\MasterNet\MasterNet\yy-file\src\ClientObj" /ZI /nologo /W3 /WX- /sdl /Od /Oy- /D WIN32 /D _DEBUG /D _CONSOLE /D _LIB /D _UNICODE /D UNICODE /Gm /EHsc /RTC1 /MDd /GS /fp:precise /Zc:wchar_t /Zc:forScope /Yu"stdafx.h" /Fp"Debug\MasterNet.pch" /Fo"Debug\\" /Fd"Debug\vc120.pdb" /Gd /TP /analyze- /errorReport:prompt ..\..\..\WirlineSchedule\NS\source\HMAC_SHA1.cpp ..\..\..\WirlineSchedule\NS\source\MySQL.cpp ..\..\..\WirlineSchedule\NS\source\NS.cpp ..\..\..\WirlineSchedule\NS\source\NSAmbe.cpp ..\..\..\WirlineSchedule\NS\source\NSDongle.cpp ..\..\..\WirlineSchedule\NS\source\NSLog.cpp ..\..\..\WirlineSchedule\NS\source\NSManager.cpp ..\..\..\WirlineSchedule\NS\source\NSRecordFile.cpp ..\..\..\WirlineSchedule\NS\source\NSSerial.cpp ..\..\..\WirlineSchedule\NS\source\NSSound.cpp ..\..\..\WirlineSchedule\NS\source\NSWLNet.cpp ..\..\..\WirlineSchedule\NS\source\NSWLPeer.cpp ..\..\..\WirlineSchedule\NS\source\P2PNet.cpp ..\..\..\WirlineSchedule\NS\source\P2PPeer.cpp ..\..\..\WirlineSchedule\NS\source\SHA1.cpp ..\..\..\WirlineSchedule\NS\source\Tool.cpp ..\..\..\WirlineSchedule\NS\source\WDK_VidPidQuery.cpp MasterNet.cpp "yy-file\src\ClientObj\clientobj.cpp" "yy-file\src\FifoQueue\fifoqueue.cpp" "yy-file\src\mymaster.cpp" "yy-file\src\MyProtocol\myprotocol.cpp" "yy-file\src\MyRTP\myrtp.cpp" "yy-file\src\SocketWrap\socketwrap.cpp" "yy-file\src\SynInterface\syninterface.cpp"
         syninterface.cpp
         socketwrap.cpp
         myrtp.cpp
     1>f:\vs2013\c++\rtp_matservoice\voicemaster-remote-git\trbox 3.0\masternet\masternet\masternet\yy-file\lib\jrtplib\include\jrtplib3\rtpsources.h(371): warning C4251: “jrtplib::RTPSources::sourcelist”: class“jrtplib::RTPKeyHashTable<const uint32_t,jrtplib::RTPInternalSourceData *,jrtplib::RTPSources_GetHashIndex,8317>”需要有 dll 接口由 class“jrtplib::RTPSources”的客户端使用
     1>f:\vs2013\c++\rtp_matservoice\voicemaster-remote-git\trbox 3.0\masternet\masternet\masternet\yy-file\lib\jrtplib\include\jrtplib3\rtpcollisionlist.h(89): warning C4251: “jrtplib::RTPCollisionList::addresslist”: class“std::list<jrtplib::RTPCollisionList::AddressAndTime,std::allocator<_Ty>>”需要有 dll 接口由 class“jrtplib::RTPCollisionList”的客户端使用
                 with
                 [
                     _Ty=jrtplib::RTPCollisionList::AddressAndTime
                 ]
     1>f:\vs2013\c++\rtp_matservoice\voicemaster-remote-git\trbox 3.0\masternet\masternet\masternet\yy-file\lib\jrtplib\include\jrtplib3\rtcpsdesinfo.h(189): warning C4251: “jrtplib::RTCPSDESInfo::nonprivateitems”: class“jrtplib::RTCPSDESInfo::SDESItem”需要有 dll 接口由 class“jrtplib::RTCPSDESInfo”的客户端使用
                 f:\vs2013\c++\rtp_matservoice\voicemaster-remote-git\trbox 3.0\masternet\masternet\masternet\yy-file\lib\jrtplib\include\jrtplib3\rtcpsdesinfo.h(141) : 参见“jrtplib::RTCPSDESInfo::SDESItem”的声明
     1>f:\vs2013\c++\rtp_matservoice\voicemaster-remote-git\trbox 3.0\masternet\masternet\masternet\yy-file\lib\jrtplib\include\jrtplib3\rtcpsdesinfo.h(212): warning C4251: “jrtplib::RTCPSDESInfo::privitems”: class“std::list<jrtplib::RTCPSDESInfo::SDESPrivateItem *,std::allocator<_Ty>>”需要有 dll 接口由 class“jrtplib::RTCPSDESInfo”的客户端使用
                 with
                 [
                     _Ty=jrtplib::RTCPSDESInfo::SDESPrivateItem *
                 ]
     1>f:\vs2013\c++\rtp_matservoice\voicemaster-remote-git\trbox 3.0\masternet\masternet\masternet\yy-file\lib\jrtplib\include\jrtplib3\rtcpsdesinfo.h(213): warning C4251: “jrtplib::RTCPSDESInfo::curitem”: class“std::_List_const_iterator<std::_List_val<std::_List_simple_types<jrtplib::RTCPSDESInfo::SDESPrivateItem *>>>”需要有 dll 接口由 class“jrtplib::RTCPSDESInfo”的客户端使用
     1>f:\vs2013\c++\rtp_matservoice\voicemaster-remote-git\trbox 3.0\masternet\masternet\masternet\yy-file\lib\jrtplib\include\jrtplib3\rtcppacketbuilder.h(217): warning C4251: “jrtplib::RTCPPacketBuilder::ownsdesinfo”: class“jrtplib::RTCPPacketBuilder::RTCPSDESInfoInternal”需要有 dll 接口由 class“jrtplib::RTCPPacketBuilder”的客户端使用
                 f:\vs2013\c++\rtp_matservoice\voicemaster-remote-git\trbox 3.0\masternet\masternet\masternet\yy-file\lib\jrtplib\include\jrtplib3\rtcppacketbuilder.h(196) : 参见“jrtplib::RTCPPacketBuilder::RTCPSDESInfoInternal”的声明
     1>f:\vs2013\c++\rtp_matservoice\voicemaster-remote-git\trbox 3.0\masternet\masternet\masternet\yy-file\lib\jrtplib\include\jrtplib3\rtcpcompoundpacket.h(104): warning C4251: “jrtplib::RTCPCompoundPacket::rtcppacklist”: class“std::list<jrtplib::RTCPPacket *,std::allocator<_Ty>>”需要有 dll 接口由 class“jrtplib::RTCPCompoundPacket”的客户端使用
                 with
                 [
                     _Ty=jrtplib::RTCPPacket *
                 ]
     1>f:\vs2013\c++\rtp_matservoice\voicemaster-remote-git\trbox 3.0\masternet\masternet\masternet\yy-file\lib\jrtplib\include\jrtplib3\rtcpcompoundpacket.h(105): warning C4251: “jrtplib::RTCPCompoundPacket::rtcppackit”: class“std::_List_const_iterator<std::_List_val<std::_List_simple_types<jrtplib::RTCPPacket *>>>”需要有 dll 接口由 class“jrtplib::RTCPCompoundPacket”的客户端使用
     1>f:\vs2013\c++\rtp_matservoice\voicemaster-remote-git\trbox 3.0\masternet\masternet\masternet\yy-file\lib\jrtplib\include\jrtplib3\rtcpcompoundpacketbuilder.h(380): warning C4251: “jrtplib::RTCPCompoundPacketBuilder::report”: class“jrtplib::RTCPCompoundPacketBuilder::Report”需要有 dll 接口由 class“jrtplib::RTCPCompoundPacketBuilder”的客户端使用
                 f:\vs2013\c++\rtp_matservoice\voicemaster-remote-git\trbox 3.0\masternet\masternet\masternet\yy-file\lib\jrtplib\include\jrtplib3\rtcpcompoundpacketbuilder.h(150) : 参见“jrtplib::RTCPCompoundPacketBuilder::Report”的声明
     1>f:\vs2013\c++\rtp_matservoice\voicemaster-remote-git\trbox 3.0\masternet\masternet\masternet\yy-file\lib\jrtplib\include\jrtplib3\rtcpcompoundpacketbuilder.h(381): warning C4251: “jrtplib::RTCPCompoundPacketBuilder::sdes”: class“jrtplib::RTCPCompoundPacketBuilder::SDES”需要有 dll 接口由 class“jrtplib::RTCPCompoundPacketBuilder”的客户端使用
                 f:\vs2013\c++\rtp_matservoice\voicemaster-remote-git\trbox 3.0\masternet\masternet\masternet\yy-file\lib\jrtplib\include\jrtplib3\rtcpcompoundpacketbuilder.h(271) : 参见“jrtplib::RTCPCompoundPacketBuilder::SDES”的声明
     1>f:\vs2013\c++\rtp_matservoice\voicemaster-remote-git\trbox 3.0\masternet\masternet\masternet\yy-file\lib\jrtplib\include\jrtplib3\rtcpcompoundpacketbuilder.h(383): warning C4251: “jrtplib::RTCPCompoundPacketBuilder::byepackets”: class“std::list<jrtplib::RTCPCompoundPacketBuilder::Buffer,std::allocator<_Ty>>”需要有 dll 接口由 class“jrtplib::RTCPCompoundPacketBuilder”的客户端使用
                 with
                 [
                     _Ty=jrtplib::RTCPCompoundPacketBuilder::Buffer
                 ]
     1>f:\vs2013\c++\rtp_matservoice\voicemaster-remote-git\trbox 3.0\masternet\masternet\masternet\yy-file\lib\jrtplib\include\jrtplib3\rtcpcompoundpacketbuilder.h(386): warning C4251: “jrtplib::RTCPCompoundPacketBuilder::apppackets”: class“std::list<jrtplib::RTCPCompoundPacketBuilder::Buffer,std::allocator<_Ty>>”需要有 dll 接口由 class“jrtplib::RTCPCompoundPacketBuilder”的客户端使用
                 with
                 [
                     _Ty=jrtplib::RTCPCompoundPacketBuilder::Buffer
                 ]
     1>f:\vs2013\c++\rtp_matservoice\voicemaster-remote-git\trbox 3.0\masternet\masternet\masternet\yy-file\lib\jrtplib\include\jrtplib3\rtpsession.h(641): warning C4251: “jrtplib::RTPSession::byepackets”: class“std::list<jrtplib::RTCPCompoundPacket *,std::allocator<_Ty>>”需要有 dll 接口由 class“jrtplib::RTPSession”的客户端使用
                 with
                 [
                     _Ty=jrtplib::RTCPCompoundPacket *
                 ]
     1>f:\vs2013\c++\rtp_matservoice\voicemaster-remote-git\trbox 3.0\masternet\masternet\masternet\yy-file\lib\jrtplib\include\jrtplib3\rtpudpv4transmitter.h(173): warning C4251: “jrtplib::RTPUDPv4TransmissionParams::localIPs”: class“std::list<uint32_t,std::allocator<char32_t>>”需要有 dll 接口由 class“jrtplib::RTPUDPv4TransmissionParams”的客户端使用
     1>f:\vs2013\c++\rtp_matservoice\voicemaster-remote-git\trbox 3.0\masternet\masternet\masternet\yy-file\lib\jrtplib\include\jrtplib3\rtpudpv4transmitter.h(231): warning C4251: “jrtplib::RTPUDPv4TransmissionInfo::localIPlist”: class“std::list<uint32_t,std::allocator<char32_t>>”需要有 dll 接口由 class“jrtplib::RTPUDPv4TransmissionInfo”的客户端使用
     1>f:\vs2013\c++\rtp_matservoice\voicemaster-remote-git\trbox 3.0\masternet\masternet\masternet\yy-file\lib\jrtplib\include\jrtplib3\rtpudpv4transmitter.h(323): warning C4251: “jrtplib::RTPUDPv4Transmitter::localIPs”: class“std::list<uint32_t,std::allocator<char32_t>>”需要有 dll 接口由 class“jrtplib::RTPUDPv4Transmitter”的客户端使用
     1>f:\vs2013\c++\rtp_matservoice\voicemaster-remote-git\trbox 3.0\masternet\masternet\masternet\yy-file\lib\jrtplib\include\jrtplib3\rtpudpv4transmitter.h(331): warning C4251: “jrtplib::RTPUDPv4Transmitter::destinations”: class“jrtplib::RTPHashTable<const jrtplib::RTPIPv4Destination,jrtplib::RTPUDPv4Trans_GetHashIndex_IPv4Dest,8317>”需要有 dll 接口由 class“jrtplib::RTPUDPv4Transmitter”的客户端使用
     1>f:\vs2013\c++\rtp_matservoice\voicemaster-remote-git\trbox 3.0\masternet\masternet\masternet\yy-file\lib\jrtplib\include\jrtplib3\rtpudpv4transmitter.h(333): warning C4251: “jrtplib::RTPUDPv4Transmitter::multicastgroups”: class“jrtplib::RTPHashTable<const uint32_t,jrtplib::RTPUDPv4Trans_GetHashIndex_uint32_t,8317>”需要有 dll 接口由 class“jrtplib::RTPUDPv4Transmitter”的客户端使用
     1>f:\vs2013\c++\rtp_matservoice\voicemaster-remote-git\trbox 3.0\masternet\masternet\masternet\yy-file\lib\jrtplib\include\jrtplib3\rtpudpv4transmitter.h(335): warning C4251: “jrtplib::RTPUDPv4Transmitter::rawpacketlist”: class“std::list<jrtplib::RTPRawPacket *,std::allocator<_Ty>>”需要有 dll 接口由 class“jrtplib::RTPUDPv4Transmitter”的客户端使用
                 with
                 [
                     _Ty=jrtplib::RTPRawPacket *
                 ]
     1>f:\vs2013\c++\rtp_matservoice\voicemaster-remote-git\trbox 3.0\masternet\masternet\masternet\yy-file\lib\jrtplib\include\jrtplib3\rtpudpv4transmitter.h(349): warning C4251: “jrtplib::RTPUDPv4Transmitter::acceptignoreinfo”: class“jrtplib::RTPKeyHashTable<const uint32_t,jrtplib::RTPUDPv4Transmitter::PortInfo *,jrtplib::RTPUDPv4Trans_GetHashIndex_uint32_t,8317>”需要有 dll 接口由 class“jrtplib::RTPUDPv4Transmitter”的客户端使用
     1>f:\vs2013\c++\rtp_matservoice\voicemaster-remote-git\trbox 3.0\masternet\masternet\masternet\yy-file\lib\jrtplib\include\jrtplib3\rtpsessionparams.h(249): warning C4251: “jrtplib::RTPSessionParams::cname”: class“std::basic_string<char,std::char_traits<char>,std::allocator<char>>”需要有 dll 接口由 class“jrtplib::RTPSessionParams”的客户端使用
     1>f:\vs2013\c++\rtp_matservoice\voicemaster-remote-git\trbox 3.0\masternet\masternet\masternet\yy-file\lib\jrtplib\include\jrtplib3\rtpsourcedata.h(429): warning C4251: “jrtplib::RTPSourceData::packetlist”: class“std::list<jrtplib::RTPPacket *,std::allocator<_Ty>>”需要有 dll 接口由 class“jrtplib::RTPSourceData”的客户端使用
                 with
                 [
                     _Ty=jrtplib::RTPPacket *
                 ]
         myprotocol.cpp
     1>f:\vs2013\c++\rtp_matservoice\voicemaster-remote-git\trbox 3.0\masternet\masternet\masternet\yy-file\lib\jrtplib\include\jrtplib3\rtpsources.h(371): warning C4251: “jrtplib::RTPSources::sourcelist”: class“jrtplib::RTPKeyHashTable<const uint32_t,jrtplib::RTPInternalSourceData *,jrtplib::RTPSources_GetHashIndex,8317>”需要有 dll 接口由 class“jrtplib::RTPSources”的客户端使用
     1>f:\vs2013\c++\rtp_matservoice\voicemaster-remote-git\trbox 3.0\masternet\masternet\masternet\yy-file\lib\jrtplib\include\jrtplib3\rtpcollisionlist.h(89): warning C4251: “jrtplib::RTPCollisionList::addresslist”: class“std::list<jrtplib::RTPCollisionList::AddressAndTime,std::allocator<_Ty>>”需要有 dll 接口由 class“jrtplib::RTPCollisionList”的客户端使用
                 with
                 [
                     _Ty=jrtplib::RTPCollisionList::AddressAndTime
                 ]
     1>f:\vs2013\c++\rtp_matservoice\voicemaster-remote-git\trbox 3.0\masternet\masternet\masternet\yy-file\lib\jrtplib\include\jrtplib3\rtcpsdesinfo.h(189): warning C4251: “jrtplib::RTCPSDESInfo::nonprivateitems”: class“jrtplib::RTCPSDESInfo::SDESItem”需要有 dll 接口由 class“jrtplib::RTCPSDESInfo”的客户端使用
                 f:\vs2013\c++\rtp_matservoice\voicemaster-remote-git\trbox 3.0\masternet\masternet\masternet\yy-file\lib\jrtplib\include\jrtplib3\rtcpsdesinfo.h(141) : 参见“jrtplib::RTCPSDESInfo::SDESItem”的声明
     1>f:\vs2013\c++\rtp_matservoice\voicemaster-remote-git\trbox 3.0\masternet\masternet\masternet\yy-file\lib\jrtplib\include\jrtplib3\rtcpsdesinfo.h(212): warning C4251: “jrtplib::RTCPSDESInfo::privitems”: class“std::list<jrtplib::RTCPSDESInfo::SDESPrivateItem *,std::allocator<_Ty>>”需要有 dll 接口由 class“jrtplib::RTCPSDESInfo”的客户端使用
                 with
                 [
                     _Ty=jrtplib::RTCPSDESInfo::SDESPrivateItem *
                 ]
     1>f:\vs2013\c++\rtp_matservoice\voicemaster-remote-git\trbox 3.0\masternet\masternet\masternet\yy-file\lib\jrtplib\include\jrtplib3\rtcpsdesinfo.h(213): warning C4251: “jrtplib::RTCPSDESInfo::curitem”: class“std::_List_const_iterator<std::_List_val<std::_List_simple_types<jrtplib::RTCPSDESInfo::SDESPrivateItem *>>>”需要有 dll 接口由 class“jrtplib::RTCPSDESInfo”的客户端使用
     1>f:\vs2013\c++\rtp_matservoice\voicemaster-remote-git\trbox 3.0\masternet\masternet\masternet\yy-file\lib\jrtplib\include\jrtplib3\rtcppacketbuilder.h(217): warning C4251: “jrtplib::RTCPPacketBuilder::ownsdesinfo”: class“jrtplib::RTCPPacketBuilder::RTCPSDESInfoInternal”需要有 dll 接口由 class“jrtplib::RTCPPacketBuilder”的客户端使用
                 f:\vs2013\c++\rtp_matservoice\voicemaster-remote-git\trbox 3.0\masternet\masternet\masternet\yy-file\lib\jrtplib\include\jrtplib3\rtcppacketbuilder.h(196) : 参见“jrtplib::RTCPPacketBuilder::RTCPSDESInfoInternal”的声明
     1>f:\vs2013\c++\rtp_matservoice\voicemaster-remote-git\trbox 3.0\masternet\masternet\masternet\yy-file\lib\jrtplib\include\jrtplib3\rtcpcompoundpacket.h(104): warning C4251: “jrtplib::RTCPCompoundPacket::rtcppacklist”: class“std::list<jrtplib::RTCPPacket *,std::allocator<_Ty>>”需要有 dll 接口由 class“jrtplib::RTCPCompoundPacket”的客户端使用
                 with
                 [
                     _Ty=jrtplib::RTCPPacket *
                 ]
     1>f:\vs2013\c++\rtp_matservoice\voicemaster-remote-git\trbox 3.0\masternet\masternet\masternet\yy-file\lib\jrtplib\include\jrtplib3\rtcpcompoundpacket.h(105): warning C4251: “jrtplib::RTCPCompoundPacket::rtcppackit”: class“std::_List_const_iterator<std::_List_val<std::_List_simple_types<jrtplib::RTCPPacket *>>>”需要有 dll 接口由 class“jrtplib::RTCPCompoundPacket”的客户端使用
     1>f:\vs2013\c++\rtp_matservoice\voicemaster-remote-git\trbox 3.0\masternet\masternet\masternet\yy-file\lib\jrtplib\include\jrtplib3\rtcpcompoundpacketbuilder.h(380): warning C4251: “jrtplib::RTCPCompoundPacketBuilder::report”: class“jrtplib::RTCPCompoundPacketBuilder::Report”需要有 dll 接口由 class“jrtplib::RTCPCompoundPacketBuilder”的客户端使用
                 f:\vs2013\c++\rtp_matservoice\voicemaster-remote-git\trbox 3.0\masternet\masternet\masternet\yy-file\lib\jrtplib\include\jrtplib3\rtcpcompoundpacketbuilder.h(150) : 参见“jrtplib::RTCPCompoundPacketBuilder::Report”的声明
     1>f:\vs2013\c++\rtp_matservoice\voicemaster-remote-git\trbox 3.0\masternet\masternet\masternet\yy-file\lib\jrtplib\include\jrtplib3\rtcpcompoundpacketbuilder.h(381): warning C4251: “jrtplib::RTCPCompoundPacketBuilder::sdes”: class“jrtplib::RTCPCompoundPacketBuilder::SDES”需要有 dll 接口由 class“jrtplib::RTCPCompoundPacketBuilder”的客户端使用
                 f:\vs2013\c++\rtp_matservoice\voicemaster-remote-git\trbox 3.0\masternet\masternet\masternet\yy-file\lib\jrtplib\include\jrtplib3\rtcpcompoundpacketbuilder.h(271) : 参见“jrtplib::RTCPCompoundPacketBuilder::SDES”的声明
     1>f:\vs2013\c++\rtp_matservoice\voicemaster-remote-git\trbox 3.0\masternet\masternet\masternet\yy-file\lib\jrtplib\include\jrtplib3\rtcpcompoundpacketbuilder.h(383): warning C4251: “jrtplib::RTCPCompoundPacketBuilder::byepackets”: class“std::list<jrtplib::RTCPCompoundPacketBuilder::Buffer,std::allocator<_Ty>>”需要有 dll 接口由 class“jrtplib::RTCPCompoundPacketBuilder”的客户端使用
                 with
                 [
                     _Ty=jrtplib::RTCPCompoundPacketBuilder::Buffer
                 ]
     1>f:\vs2013\c++\rtp_matservoice\voicemaster-remote-git\trbox 3.0\masternet\masternet\masternet\yy-file\lib\jrtplib\include\jrtplib3\rtcpcompoundpacketbuilder.h(386): warning C4251: “jrtplib::RTCPCompoundPacketBuilder::apppackets”: class“std::list<jrtplib::RTCPCompoundPacketBuilder::Buffer,std::allocator<_Ty>>”需要有 dll 接口由 class“jrtplib::RTCPCompoundPacketBuilder”的客户端使用
                 with
                 [
                     _Ty=jrtplib::RTCPCompoundPacketBuilder::Buffer
                 ]
     1>f:\vs2013\c++\rtp_matservoice\voicemaster-remote-git\trbox 3.0\masternet\masternet\masternet\yy-file\lib\jrtplib\include\jrtplib3\rtpsession.h(641): warning C4251: “jrtplib::RTPSession::byepackets”: class“std::list<jrtplib::RTCPCompoundPacket *,std::allocator<_Ty>>”需要有 dll 接口由 class“jrtplib::RTPSession”的客户端使用
                 with
                 [
                     _Ty=jrtplib::RTCPCompoundPacket *
                 ]
     1>f:\vs2013\c++\rtp_matservoice\voicemaster-remote-git\trbox 3.0\masternet\masternet\masternet\yy-file\lib\jrtplib\include\jrtplib3\rtpudpv4transmitter.h(173): warning C4251: “jrtplib::RTPUDPv4TransmissionParams::localIPs”: class“std::list<uint32_t,std::allocator<char32_t>>”需要有 dll 接口由 class“jrtplib::RTPUDPv4TransmissionParams”的客户端使用
     1>f:\vs2013\c++\rtp_matservoice\voicemaster-remote-git\trbox 3.0\masternet\masternet\masternet\yy-file\lib\jrtplib\include\jrtplib3\rtpudpv4transmitter.h(231): warning C4251: “jrtplib::RTPUDPv4TransmissionInfo::localIPlist”: class“std::list<uint32_t,std::allocator<char32_t>>”需要有 dll 接口由 class“jrtplib::RTPUDPv4TransmissionInfo”的客户端使用
     1>f:\vs2013\c++\rtp_matservoice\voicemaster-remote-git\trbox 3.0\masternet\masternet\masternet\yy-file\lib\jrtplib\include\jrtplib3\rtpudpv4transmitter.h(323): warning C4251: “jrtplib::RTPUDPv4Transmitter::localIPs”: class“std::list<uint32_t,std::allocator<char32_t>>”需要有 dll 接口由 class“jrtplib::RTPUDPv4Transmitter”的客户端使用
     1>f:\vs2013\c++\rtp_matservoice\voicemaster-remote-git\trbox 3.0\masternet\masternet\masternet\yy-file\lib\jrtplib\include\jrtplib3\rtpudpv4transmitter.h(331): warning C4251: “jrtplib::RTPUDPv4Transmitter::destinations”: class“jrtplib::RTPHashTable<const jrtplib::RTPIPv4Destination,jrtplib::RTPUDPv4Trans_GetHashIndex_IPv4Dest,8317>”需要有 dll 接口由 class“jrtplib::RTPUDPv4Transmitter”的客户端使用
     1>f:\vs2013\c++\rtp_matservoice\voicemaster-remote-git\trbox 3.0\masternet\masternet\masternet\yy-file\lib\jrtplib\include\jrtplib3\rtpudpv4transmitter.h(333): warning C4251: “jrtplib::RTPUDPv4Transmitter::multicastgroups”: class“jrtplib::RTPHashTable<const uint32_t,jrtplib::RTPUDPv4Trans_GetHashIndex_uint32_t,8317>”需要有 dll 接口由 class“jrtplib::RTPUDPv4Transmitter”的客户端使用
     1>f:\vs2013\c++\rtp_matservoice\voicemaster-remote-git\trbox 3.0\masternet\masternet\masternet\yy-file\lib\jrtplib\include\jrtplib3\rtpudpv4transmitter.h(335): warning C4251: “jrtplib::RTPUDPv4Transmitter::rawpacketlist”: class“std::list<jrtplib::RTPRawPacket *,std::allocator<_Ty>>”需要有 dll 接口由 class“jrtplib::RTPUDPv4Transmitter”的客户端使用
                 with
                 [
                     _Ty=jrtplib::RTPRawPacket *
                 ]
     1>f:\vs2013\c++\rtp_matservoice\voicemaster-remote-git\trbox 3.0\masternet\masternet\masternet\yy-file\lib\jrtplib\include\jrtplib3\rtpudpv4transmitter.h(349): warning C4251: “jrtplib::RTPUDPv4Transmitter::acceptignoreinfo”: class“jrtplib::RTPKeyHashTable<const uint32_t,jrtplib::RTPUDPv4Transmitter::PortInfo *,jrtplib::RTPUDPv4Trans_GetHashIndex_uint32_t,8317>”需要有 dll 接口由 class“jrtplib::RTPUDPv4Transmitter”的客户端使用
     1>f:\vs2013\c++\rtp_matservoice\voicemaster-remote-git\trbox 3.0\masternet\masternet\masternet\yy-file\lib\jrtplib\include\jrtplib3\rtpsessionparams.h(249): warning C4251: “jrtplib::RTPSessionParams::cname”: class“std::basic_string<char,std::char_traits<char>,std::allocator<char>>”需要有 dll 接口由 class“jrtplib::RTPSessionParams”的客户端使用
     1>f:\vs2013\c++\rtp_matservoice\voicemaster-remote-git\trbox 3.0\masternet\masternet\masternet\yy-file\lib\jrtplib\include\jrtplib3\rtpsourcedata.h(429): warning C4251: “jrtplib::RTPSourceData::packetlist”: class“std::list<jrtplib::RTPPacket *,std::allocator<_Ty>>”需要有 dll 接口由 class“jrtplib::RTPSourceData”的客户端使用
                 with
                 [
                     _Ty=jrtplib::RTPPacket *
                 ]
         mymaster.cpp
     1>f:\vs2013\c++\rtp_matservoice\voicemaster-remote-git\trbox 3.0\masternet\masternet\masternet\yy-file\lib\jrtplib\include\jrtplib3\rtpsources.h(371): warning C4251: “jrtplib::RTPSources::sourcelist”: class“jrtplib::RTPKeyHashTable<const uint32_t,jrtplib::RTPInternalSourceData *,jrtplib::RTPSources_GetHashIndex,8317>”需要有 dll 接口由 class“jrtplib::RTPSources”的客户端使用
     1>f:\vs2013\c++\rtp_matservoice\voicemaster-remote-git\trbox 3.0\masternet\masternet\masternet\yy-file\lib\jrtplib\include\jrtplib3\rtpcollisionlist.h(89): warning C4251: “jrtplib::RTPCollisionList::addresslist”: class“std::list<jrtplib::RTPCollisionList::AddressAndTime,std::allocator<_Ty>>”需要有 dll 接口由 class“jrtplib::RTPCollisionList”的客户端使用
                 with
                 [
                     _Ty=jrtplib::RTPCollisionList::AddressAndTime
                 ]
     1>f:\vs2013\c++\rtp_matservoice\voicemaster-remote-git\trbox 3.0\masternet\masternet\masternet\yy-file\lib\jrtplib\include\jrtplib3\rtcpsdesinfo.h(189): warning C4251: “jrtplib::RTCPSDESInfo::nonprivateitems”: class“jrtplib::RTCPSDESInfo::SDESItem”需要有 dll 接口由 class“jrtplib::RTCPSDESInfo”的客户端使用
                 f:\vs2013\c++\rtp_matservoice\voicemaster-remote-git\trbox 3.0\masternet\masternet\masternet\yy-file\lib\jrtplib\include\jrtplib3\rtcpsdesinfo.h(141) : 参见“jrtplib::RTCPSDESInfo::SDESItem”的声明
     1>f:\vs2013\c++\rtp_matservoice\voicemaster-remote-git\trbox 3.0\masternet\masternet\masternet\yy-file\lib\jrtplib\include\jrtplib3\rtcpsdesinfo.h(212): warning C4251: “jrtplib::RTCPSDESInfo::privitems”: class“std::list<jrtplib::RTCPSDESInfo::SDESPrivateItem *,std::allocator<_Ty>>”需要有 dll 接口由 class“jrtplib::RTCPSDESInfo”的客户端使用
                 with
                 [
                     _Ty=jrtplib::RTCPSDESInfo::SDESPrivateItem *
                 ]
     1>f:\vs2013\c++\rtp_matservoice\voicemaster-remote-git\trbox 3.0\masternet\masternet\masternet\yy-file\lib\jrtplib\include\jrtplib3\rtcpsdesinfo.h(213): warning C4251: “jrtplib::RTCPSDESInfo::curitem”: class“std::_List_const_iterator<std::_List_val<std::_List_simple_types<jrtplib::RTCPSDESInfo::SDESPrivateItem *>>>”需要有 dll 接口由 class“jrtplib::RTCPSDESInfo”的客户端使用
     1>f:\vs2013\c++\rtp_matservoice\voicemaster-remote-git\trbox 3.0\masternet\masternet\masternet\yy-file\lib\jrtplib\include\jrtplib3\rtcppacketbuilder.h(217): warning C4251: “jrtplib::RTCPPacketBuilder::ownsdesinfo”: class“jrtplib::RTCPPacketBuilder::RTCPSDESInfoInternal”需要有 dll 接口由 class“jrtplib::RTCPPacketBuilder”的客户端使用
                 f:\vs2013\c++\rtp_matservoice\voicemaster-remote-git\trbox 3.0\masternet\masternet\masternet\yy-file\lib\jrtplib\include\jrtplib3\rtcppacketbuilder.h(196) : 参见“jrtplib::RTCPPacketBuilder::RTCPSDESInfoInternal”的声明
     1>f:\vs2013\c++\rtp_matservoice\voicemaster-remote-git\trbox 3.0\masternet\masternet\masternet\yy-file\lib\jrtplib\include\jrtplib3\rtcpcompoundpacket.h(104): warning C4251: “jrtplib::RTCPCompoundPacket::rtcppacklist”: class“std::list<jrtplib::RTCPPacket *,std::allocator<_Ty>>”需要有 dll 接口由 class“jrtplib::RTCPCompoundPacket”的客户端使用
                 with
                 [
                     _Ty=jrtplib::RTCPPacket *
                 ]
     1>f:\vs2013\c++\rtp_matservoice\voicemaster-remote-git\trbox 3.0\masternet\masternet\masternet\yy-file\lib\jrtplib\include\jrtplib3\rtcpcompoundpacket.h(105): warning C4251: “jrtplib::RTCPCompoundPacket::rtcppackit”: class“std::_List_const_iterator<std::_List_val<std::_List_simple_types<jrtplib::RTCPPacket *>>>”需要有 dll 接口由 class“jrtplib::RTCPCompoundPacket”的客户端使用
     1>f:\vs2013\c++\rtp_matservoice\voicemaster-remote-git\trbox 3.0\masternet\masternet\masternet\yy-file\lib\jrtplib\include\jrtplib3\rtcpcompoundpacketbuilder.h(380): warning C4251: “jrtplib::RTCPCompoundPacketBuilder::report”: class“jrtplib::RTCPCompoundPacketBuilder::Report”需要有 dll 接口由 class“jrtplib::RTCPCompoundPacketBuilder”的客户端使用
                 f:\vs2013\c++\rtp_matservoice\voicemaster-remote-git\trbox 3.0\masternet\masternet\masternet\yy-file\lib\jrtplib\include\jrtplib3\rtcpcompoundpacketbuilder.h(150) : 参见“jrtplib::RTCPCompoundPacketBuilder::Report”的声明
     1>f:\vs2013\c++\rtp_matservoice\voicemaster-remote-git\trbox 3.0\masternet\masternet\masternet\yy-file\lib\jrtplib\include\jrtplib3\rtcpcompoundpacketbuilder.h(381): warning C4251: “jrtplib::RTCPCompoundPacketBuilder::sdes”: class“jrtplib::RTCPCompoundPacketBuilder::SDES”需要有 dll 接口由 class“jrtplib::RTCPCompoundPacketBuilder”的客户端使用
                 f:\vs2013\c++\rtp_matservoice\voicemaster-remote-git\trbox 3.0\masternet\masternet\masternet\yy-file\lib\jrtplib\include\jrtplib3\rtcpcompoundpacketbuilder.h(271) : 参见“jrtplib::RTCPCompoundPacketBuilder::SDES”的声明
     1>f:\vs2013\c++\rtp_matservoice\voicemaster-remote-git\trbox 3.0\masternet\masternet\masternet\yy-file\lib\jrtplib\include\jrtplib3\rtcpcompoundpacketbuilder.h(383): warning C4251: “jrtplib::RTCPCompoundPacketBuilder::byepackets”: class“std::list<jrtplib::RTCPCompoundPacketBuilder::Buffer,std::allocator<_Ty>>”需要有 dll 接口由 class“jrtplib::RTCPCompoundPacketBuilder”的客户端使用
                 with
                 [
                     _Ty=jrtplib::RTCPCompoundPacketBuilder::Buffer
                 ]
     1>f:\vs2013\c++\rtp_matservoice\voicemaster-remote-git\trbox 3.0\masternet\masternet\masternet\yy-file\lib\jrtplib\include\jrtplib3\rtcpcompoundpacketbuilder.h(386): warning C4251: “jrtplib::RTCPCompoundPacketBuilder::apppackets”: class“std::list<jrtplib::RTCPCompoundPacketBuilder::Buffer,std::allocator<_Ty>>”需要有 dll 接口由 class“jrtplib::RTCPCompoundPacketBuilder”的客户端使用
                 with
                 [
                     _Ty=jrtplib::RTCPCompoundPacketBuilder::Buffer
                 ]
     1>f:\vs2013\c++\rtp_matservoice\voicemaster-remote-git\trbox 3.0\masternet\masternet\masternet\yy-file\lib\jrtplib\include\jrtplib3\rtpsession.h(641): warning C4251: “jrtplib::RTPSession::byepackets”: class“std::list<jrtplib::RTCPCompoundPacket *,std::allocator<_Ty>>”需要有 dll 接口由 class“jrtplib::RTPSession”的客户端使用
                 with
                 [
                     _Ty=jrtplib::RTCPCompoundPacket *
                 ]
     1>f:\vs2013\c++\rtp_matservoice\voicemaster-remote-git\trbox 3.0\masternet\masternet\masternet\yy-file\lib\jrtplib\include\jrtplib3\rtpudpv4transmitter.h(173): warning C4251: “jrtplib::RTPUDPv4TransmissionParams::localIPs”: class“std::list<uint32_t,std::allocator<char32_t>>”需要有 dll 接口由 class“jrtplib::RTPUDPv4TransmissionParams”的客户端使用
     1>f:\vs2013\c++\rtp_matservoice\voicemaster-remote-git\trbox 3.0\masternet\masternet\masternet\yy-file\lib\jrtplib\include\jrtplib3\rtpudpv4transmitter.h(231): warning C4251: “jrtplib::RTPUDPv4TransmissionInfo::localIPlist”: class“std::list<uint32_t,std::allocator<char32_t>>”需要有 dll 接口由 class“jrtplib::RTPUDPv4TransmissionInfo”的客户端使用
     1>f:\vs2013\c++\rtp_matservoice\voicemaster-remote-git\trbox 3.0\masternet\masternet\masternet\yy-file\lib\jrtplib\include\jrtplib3\rtpudpv4transmitter.h(323): warning C4251: “jrtplib::RTPUDPv4Transmitter::localIPs”: class“std::list<uint32_t,std::allocator<char32_t>>”需要有 dll 接口由 class“jrtplib::RTPUDPv4Transmitter”的客户端使用
     1>f:\vs2013\c++\rtp_matservoice\voicemaster-remote-git\trbox 3.0\masternet\masternet\masternet\yy-file\lib\jrtplib\include\jrtplib3\rtpudpv4transmitter.h(331): warning C4251: “jrtplib::RTPUDPv4Transmitter::destinations”: class“jrtplib::RTPHashTable<const jrtplib::RTPIPv4Destination,jrtplib::RTPUDPv4Trans_GetHashIndex_IPv4Dest,8317>”需要有 dll 接口由 class“jrtplib::RTPUDPv4Transmitter”的客户端使用
     1>f:\vs2013\c++\rtp_matservoice\voicemaster-remote-git\trbox 3.0\masternet\masternet\masternet\yy-file\lib\jrtplib\include\jrtplib3\rtpudpv4transmitter.h(333): warning C4251: “jrtplib::RTPUDPv4Transmitter::multicastgroups”: class“jrtplib::RTPHashTable<const uint32_t,jrtplib::RTPUDPv4Trans_GetHashIndex_uint32_t,8317>”需要有 dll 接口由 class“jrtplib::RTPUDPv4Transmitter”的客户端使用
     1>f:\vs2013\c++\rtp_matservoice\voicemaster-remote-git\trbox 3.0\masternet\masternet\masternet\yy-file\lib\jrtplib\include\jrtplib3\rtpudpv4transmitter.h(335): warning C4251: “jrtplib::RTPUDPv4Transmitter::rawpacketlist”: class“std::list<jrtplib::RTPRawPacket *,std::allocator<_Ty>>”需要有 dll 接口由 class“jrtplib::RTPUDPv4Transmitter”的客户端使用
                 with
                 [
                     _Ty=jrtplib::RTPRawPacket *
                 ]
     1>f:\vs2013\c++\rtp_matservoice\voicemaster-remote-git\trbox 3.0\masternet\masternet\masternet\yy-file\lib\jrtplib\include\jrtplib3\rtpudpv4transmitter.h(349): warning C4251: “jrtplib::RTPUDPv4Transmitter::acceptignoreinfo”: class“jrtplib::RTPKeyHashTable<const uint32_t,jrtplib::RTPUDPv4Transmitter::PortInfo *,jrtplib::RTPUDPv4Trans_GetHashIndex_uint32_t,8317>”需要有 dll 接口由 class“jrtplib::RTPUDPv4Transmitter”的客户端使用
     1>f:\vs2013\c++\rtp_matservoice\voicemaster-remote-git\trbox 3.0\masternet\masternet\masternet\yy-file\lib\jrtplib\include\jrtplib3\rtpsessionparams.h(249): warning C4251: “jrtplib::RTPSessionParams::cname”: class“std::basic_string<char,std::char_traits<char>,std::allocator<char>>”需要有 dll 接口由 class“jrtplib::RTPSessionParams”的客户端使用
     1>f:\vs2013\c++\rtp_matservoice\voicemaster-remote-git\trbox 3.0\masternet\masternet\masternet\yy-file\lib\jrtplib\include\jrtplib3\rtpsourcedata.h(429): warning C4251: “jrtplib::RTPSourceData::packetlist”: class“std::list<jrtplib::RTPPacket *,std::allocator<_Ty>>”需要有 dll 接口由 class“jrtplib::RTPSourceData”的客户端使用
                 with
                 [
                     _Ty=jrtplib::RTPPacket *
                 ]
         fifoqueue.cpp
         clientobj.cpp
     1>f:\vs2013\c++\rtp_matservoice\voicemaster-remote-git\trbox 3.0\masternet\masternet\masternet\yy-file\lib\jrtplib\include\jrtplib3\rtpsources.h(371): warning C4251: “jrtplib::RTPSources::sourcelist”: class“jrtplib::RTPKeyHashTable<const uint32_t,jrtplib::RTPInternalSourceData *,jrtplib::RTPSources_GetHashIndex,8317>”需要有 dll 接口由 class“jrtplib::RTPSources”的客户端使用
     1>f:\vs2013\c++\rtp_matservoice\voicemaster-remote-git\trbox 3.0\masternet\masternet\masternet\yy-file\lib\jrtplib\include\jrtplib3\rtpcollisionlist.h(89): warning C4251: “jrtplib::RTPCollisionList::addresslist”: class“std::list<jrtplib::RTPCollisionList::AddressAndTime,std::allocator<_Ty>>”需要有 dll 接口由 class“jrtplib::RTPCollisionList”的客户端使用
                 with
                 [
                     _Ty=jrtplib::RTPCollisionList::AddressAndTime
                 ]
     1>f:\vs2013\c++\rtp_matservoice\voicemaster-remote-git\trbox 3.0\masternet\masternet\masternet\yy-file\lib\jrtplib\include\jrtplib3\rtcpsdesinfo.h(189): warning C4251: “jrtplib::RTCPSDESInfo::nonprivateitems”: class“jrtplib::RTCPSDESInfo::SDESItem”需要有 dll 接口由 class“jrtplib::RTCPSDESInfo”的客户端使用
                 f:\vs2013\c++\rtp_matservoice\voicemaster-remote-git\trbox 3.0\masternet\masternet\masternet\yy-file\lib\jrtplib\include\jrtplib3\rtcpsdesinfo.h(141) : 参见“jrtplib::RTCPSDESInfo::SDESItem”的声明
     1>f:\vs2013\c++\rtp_matservoice\voicemaster-remote-git\trbox 3.0\masternet\masternet\masternet\yy-file\lib\jrtplib\include\jrtplib3\rtcpsdesinfo.h(212): warning C4251: “jrtplib::RTCPSDESInfo::privitems”: class“std::list<jrtplib::RTCPSDESInfo::SDESPrivateItem *,std::allocator<_Ty>>”需要有 dll 接口由 class“jrtplib::RTCPSDESInfo”的客户端使用
                 with
                 [
                     _Ty=jrtplib::RTCPSDESInfo::SDESPrivateItem *
                 ]
     1>f:\vs2013\c++\rtp_matservoice\voicemaster-remote-git\trbox 3.0\masternet\masternet\masternet\yy-file\lib\jrtplib\include\jrtplib3\rtcpsdesinfo.h(213): warning C4251: “jrtplib::RTCPSDESInfo::curitem”: class“std::_List_const_iterator<std::_List_val<std::_List_simple_types<jrtplib::RTCPSDESInfo::SDESPrivateItem *>>>”需要有 dll 接口由 class“jrtplib::RTCPSDESInfo”的客户端使用
     1>f:\vs2013\c++\rtp_matservoice\voicemaster-remote-git\trbox 3.0\masternet\masternet\masternet\yy-file\lib\jrtplib\include\jrtplib3\rtcppacketbuilder.h(217): warning C4251: “jrtplib::RTCPPacketBuilder::ownsdesinfo”: class“jrtplib::RTCPPacketBuilder::RTCPSDESInfoInternal”需要有 dll 接口由 class“jrtplib::RTCPPacketBuilder”的客户端使用
                 f:\vs2013\c++\rtp_matservoice\voicemaster-remote-git\trbox 3.0\masternet\masternet\masternet\yy-file\lib\jrtplib\include\jrtplib3\rtcppacketbuilder.h(196) : 参见“jrtplib::RTCPPacketBuilder::RTCPSDESInfoInternal”的声明
     1>f:\vs2013\c++\rtp_matservoice\voicemaster-remote-git\trbox 3.0\masternet\masternet\masternet\yy-file\lib\jrtplib\include\jrtplib3\rtcpcompoundpacket.h(104): warning C4251: “jrtplib::RTCPCompoundPacket::rtcppacklist”: class“std::list<jrtplib::RTCPPacket *,std::allocator<_Ty>>”需要有 dll 接口由 class“jrtplib::RTCPCompoundPacket”的客户端使用
                 with
                 [
                     _Ty=jrtplib::RTCPPacket *
                 ]
     1>f:\vs2013\c++\rtp_matservoice\voicemaster-remote-git\trbox 3.0\masternet\masternet\masternet\yy-file\lib\jrtplib\include\jrtplib3\rtcpcompoundpacket.h(105): warning C4251: “jrtplib::RTCPCompoundPacket::rtcppackit”: class“std::_List_const_iterator<std::_List_val<std::_List_simple_types<jrtplib::RTCPPacket *>>>”需要有 dll 接口由 class“jrtplib::RTCPCompoundPacket”的客户端使用
     1>f:\vs2013\c++\rtp_matservoice\voicemaster-remote-git\trbox 3.0\masternet\masternet\masternet\yy-file\lib\jrtplib\include\jrtplib3\rtcpcompoundpacketbuilder.h(380): warning C4251: “jrtplib::RTCPCompoundPacketBuilder::report”: class“jrtplib::RTCPCompoundPacketBuilder::Report”需要有 dll 接口由 class“jrtplib::RTCPCompoundPacketBuilder”的客户端使用
                 f:\vs2013\c++\rtp_matservoice\voicemaster-remote-git\trbox 3.0\masternet\masternet\masternet\yy-file\lib\jrtplib\include\jrtplib3\rtcpcompoundpacketbuilder.h(150) : 参见“jrtplib::RTCPCompoundPacketBuilder::Report”的声明
     1>f:\vs2013\c++\rtp_matservoice\voicemaster-remote-git\trbox 3.0\masternet\masternet\masternet\yy-file\lib\jrtplib\include\jrtplib3\rtcpcompoundpacketbuilder.h(381): warning C4251: “jrtplib::RTCPCompoundPacketBuilder::sdes”: class“jrtplib::RTCPCompoundPacketBuilder::SDES”需要有 dll 接口由 class“jrtplib::RTCPCompoundPacketBuilder”的客户端使用
                 f:\vs2013\c++\rtp_matservoice\voicemaster-remote-git\trbox 3.0\masternet\masternet\masternet\yy-file\lib\jrtplib\include\jrtplib3\rtcpcompoundpacketbuilder.h(271) : 参见“jrtplib::RTCPCompoundPacketBuilder::SDES”的声明
     1>f:\vs2013\c++\rtp_matservoice\voicemaster-remote-git\trbox 3.0\masternet\masternet\masternet\yy-file\lib\jrtplib\include\jrtplib3\rtcpcompoundpacketbuilder.h(383): warning C4251: “jrtplib::RTCPCompoundPacketBuilder::byepackets”: class“std::list<jrtplib::RTCPCompoundPacketBuilder::Buffer,std::allocator<_Ty>>”需要有 dll 接口由 class“jrtplib::RTCPCompoundPacketBuilder”的客户端使用
                 with
                 [
                     _Ty=jrtplib::RTCPCompoundPacketBuilder::Buffer
                 ]
     1>f:\vs2013\c++\rtp_matservoice\voicemaster-remote-git\trbox 3.0\masternet\masternet\masternet\yy-file\lib\jrtplib\include\jrtplib3\rtcpcompoundpacketbuilder.h(386): warning C4251: “jrtplib::RTCPCompoundPacketBuilder::apppackets”: class“std::list<jrtplib::RTCPCompoundPacketBuilder::Buffer,std::allocator<_Ty>>”需要有 dll 接口由 class“jrtplib::RTCPCompoundPacketBuilder”的客户端使用
                 with
                 [
                     _Ty=jrtplib::RTCPCompoundPacketBuilder::Buffer
                 ]
     1>f:\vs2013\c++\rtp_matservoice\voicemaster-remote-git\trbox 3.0\masternet\masternet\masternet\yy-file\lib\jrtplib\include\jrtplib3\rtpsession.h(641): warning C4251: “jrtplib::RTPSession::byepackets”: class“std::list<jrtplib::RTCPCompoundPacket *,std::allocator<_Ty>>”需要有 dll 接口由 class“jrtplib::RTPSession”的客户端使用
                 with
                 [
                     _Ty=jrtplib::RTCPCompoundPacket *
                 ]
     1>f:\vs2013\c++\rtp_matservoice\voicemaster-remote-git\trbox 3.0\masternet\masternet\masternet\yy-file\lib\jrtplib\include\jrtplib3\rtpudpv4transmitter.h(173): warning C4251: “jrtplib::RTPUDPv4TransmissionParams::localIPs”: class“std::list<uint32_t,std::allocator<char32_t>>”需要有 dll 接口由 class“jrtplib::RTPUDPv4TransmissionParams”的客户端使用
     1>f:\vs2013\c++\rtp_matservoice\voicemaster-remote-git\trbox 3.0\masternet\masternet\masternet\yy-file\lib\jrtplib\include\jrtplib3\rtpudpv4transmitter.h(231): warning C4251: “jrtplib::RTPUDPv4TransmissionInfo::localIPlist”: class“std::list<uint32_t,std::allocator<char32_t>>”需要有 dll 接口由 class“jrtplib::RTPUDPv4TransmissionInfo”的客户端使用
     1>f:\vs2013\c++\rtp_matservoice\voicemaster-remote-git\trbox 3.0\masternet\masternet\masternet\yy-file\lib\jrtplib\include\jrtplib3\rtpudpv4transmitter.h(323): warning C4251: “jrtplib::RTPUDPv4Transmitter::localIPs”: class“std::list<uint32_t,std::allocator<char32_t>>”需要有 dll 接口由 class“jrtplib::RTPUDPv4Transmitter”的客户端使用
     1>f:\vs2013\c++\rtp_matservoice\voicemaster-remote-git\trbox 3.0\masternet\masternet\masternet\yy-file\lib\jrtplib\include\jrtplib3\rtpudpv4transmitter.h(331): warning C4251: “jrtplib::RTPUDPv4Transmitter::destinations”: class“jrtplib::RTPHashTable<const jrtplib::RTPIPv4Destination,jrtplib::RTPUDPv4Trans_GetHashIndex_IPv4Dest,8317>”需要有 dll 接口由 class“jrtplib::RTPUDPv4Transmitter”的客户端使用
     1>f:\vs2013\c++\rtp_matservoice\voicemaster-remote-git\trbox 3.0\masternet\masternet\masternet\yy-file\lib\jrtplib\include\jrtplib3\rtpudpv4transmitter.h(333): warning C4251: “jrtplib::RTPUDPv4Transmitter::multicastgroups”: class“jrtplib::RTPHashTable<const uint32_t,jrtplib::RTPUDPv4Trans_GetHashIndex_uint32_t,8317>”需要有 dll 接口由 class“jrtplib::RTPUDPv4Transmitter”的客户端使用
     1>f:\vs2013\c++\rtp_matservoice\voicemaster-remote-git\trbox 3.0\masternet\masternet\masternet\yy-file\lib\jrtplib\include\jrtplib3\rtpudpv4transmitter.h(335): warning C4251: “jrtplib::RTPUDPv4Transmitter::rawpacketlist”: class“std::list<jrtplib::RTPRawPacket *,std::allocator<_Ty>>”需要有 dll 接口由 class“jrtplib::RTPUDPv4Transmitter”的客户端使用
                 with
                 [
                     _Ty=jrtplib::RTPRawPacket *
                 ]
     1>f:\vs2013\c++\rtp_matservoice\voicemaster-remote-git\trbox 3.0\masternet\masternet\masternet\yy-file\lib\jrtplib\include\jrtplib3\rtpudpv4transmitter.h(349): warning C4251: “jrtplib::RTPUDPv4Transmitter::acceptignoreinfo”: class“jrtplib::RTPKeyHashTable<const uint32_t,jrtplib::RTPUDPv4Transmitter::PortInfo *,jrtplib::RTPUDPv4Trans_GetHashIndex_uint32_t,8317>”需要有 dll 接口由 class“jrtplib::RTPUDPv4Transmitter”的客户端使用
     1>f:\vs2013\c++\rtp_matservoice\voicemaster-remote-git\trbox 3.0\masternet\masternet\masternet\yy-file\lib\jrtplib\include\jrtplib3\rtpsessionparams.h(249): warning C4251: “jrtplib::RTPSessionParams::cname”: class“std::basic_string<char,std::char_traits<char>,std::allocator<char>>”需要有 dll 接口由 class“jrtplib::RTPSessionParams”的客户端使用
     1>f:\vs2013\c++\rtp_matservoice\voicemaster-remote-git\trbox 3.0\masternet\masternet\masternet\yy-file\lib\jrtplib\include\jrtplib3\rtpsourcedata.h(429): warning C4251: “jrtplib::RTPSourceData::packetlist”: class“std::list<jrtplib::RTPPacket *,std::allocator<_Ty>>”需要有 dll 接口由 class“jrtplib::RTPSourceData”的客户端使用
                 with
                 [
                     _Ty=jrtplib::RTPPacket *
                 ]
         MasterNet.cpp
         WDK_VidPidQuery.cpp
         Tool.cpp
         SHA1.cpp
         P2PPeer.cpp
         P2PNet.cpp
         NSWLPeer.cpp
         NSWLNet.cpp
         NSSound.cpp
         NSSerial.cpp
         NSRecordFile.cpp
         NSManager.cpp
         NSLog.cpp
         正在生成代码...
         正在编译...
         NSDongle.cpp
         NSAmbe.cpp
         NS.cpp
         MySQL.cpp
         HMAC_SHA1.cpp
         正在生成代码...
         E:\Program x86C\Microsoft Visual Studio 12.0\VC\bin\CL.exe /c /I"F:\VS2013\C++\RTP_MatserVoice\VoiceMaster-remote-git\TrboX 3.0\MasterNet\MasterNet\MasterNet" /I"F:\VS2013\C++\RTP_MatserVoice\VoiceMaster-remote-git\TrboX 3.0\MasterNet\MasterNet\MasterNet\yy-file\lib\JsonWrap\include\json" /I"F:\VS2013\C++\RTP_MatserVoice\VoiceMaster-remote-git\TrboX 3.0\MasterNet\MasterNet\MasterNet\yy-file\lib\jrtplib\include\jrtplib3" /I"F:\VS2013\C++\RTP_MatserVoice\VoiceMaster-remote-git\TrboX 3.0\MasterNet\MasterNet\MasterNet\yy-file\src" /I"F:\VS2013\C++\RTP_MatserVoice\VoiceMaster-remote-git\TrboX 3.0\MasterNet\MasterNet\MasterNet\yy-file\src\SynInterface" /I"F:\VS2013\C++\RTP_MatserVoice\VoiceMaster-remote-git\TrboX 3.0\MasterNet\MasterNet\MasterNet\yy-file\src\SocketWrap" /I"F:\VS2013\C++\RTP_MatserVoice\VoiceMaster-remote-git\TrboX 3.0\MasterNet\MasterNet\MasterNet\yy-file\src\MyRTP" /I"F:\VS2013\C++\RTP_MatserVoice\VoiceMaster-remote-git\TrboX 3.0\MasterNet\MasterNet\MasterNet\yy-file\src\MyProtocol" /I"F:\VS2013\C++\RTP_MatserVoice\VoiceMaster-remote-git\TrboX 3.0\MasterNet\MasterNet\MasterNet\yy-file\src\FifoQueue" /I"F:\VS2013\C++\RTP_MatserVoice\VoiceMaster-remote-git\TrboX 3.0\MasterNet\MasterNet\MasterNet\yy-file\src\Common" /I"F:\VS2013\C++\RTP_MatserVoice\VoiceMaster-remote-git\TrboX 3.0\MasterNet\MasterNet\MasterNet\yy-file\src\ClientObj" /ZI /nologo /W3 /WX- /sdl /Od /Oy- /D WIN32 /D _DEBUG /D _CONSOLE /D _LIB /D _UNICODE /D UNICODE /Gm /EHsc /RTC1 /MDd /GS /fp:precise /Zc:wchar_t /Zc:forScope /Fo"Debug\\" /Fd"Debug\vc120.pdb" /Gd /TC /analyze- /errorReport:prompt ..\..\..\WirlineSchedule\NS\source\linklist.c ..\..\..\WirlineSchedule\NS\source\net.c ..\..\..\WirlineSchedule\NS\source\ringbuffer.c
         ringbuffer.c
         net.c
         linklist.c
     1>f:\vs2013\c++\rtp_matservoice\voicemaster-remote-git\trbox 3.0\wirlineschedule\ns\source\linklist.c(10): warning C4013: “malloc”未定义；假设外部返回 int
     1>f:\vs2013\c++\rtp_matservoice\voicemaster-remote-git\trbox 3.0\wirlineschedule\ns\source\linklist.c(174): warning C4013: “free”未定义；假设外部返回 int
         正在生成代码...
         E:\Program x86C\Microsoft Visual Studio 12.0\VC\bin\CL.exe /c /I"F:\VS2013\C++\RTP_MatserVoice\VoiceMaster-remote-git\TrboX 3.0\MasterNet\MasterNet\MasterNet" /I"F:\VS2013\C++\RTP_MatserVoice\VoiceMaster-remote-git\TrboX 3.0\MasterNet\MasterNet\MasterNet\yy-file\lib\JsonWrap\include\json" /I"F:\VS2013\C++\RTP_MatserVoice\VoiceMaster-remote-git\TrboX 3.0\MasterNet\MasterNet\MasterNet\yy-file\lib\jrtplib\include\jrtplib3" /I"F:\VS2013\C++\RTP_MatserVoice\VoiceMaster-remote-git\TrboX 3.0\MasterNet\MasterNet\MasterNet\yy-file\src" /I"F:\VS2013\C++\RTP_MatserVoice\VoiceMaster-remote-git\TrboX 3.0\MasterNet\MasterNet\MasterNet\yy-file\src\SynInterface" /I"F:\VS2013\C++\RTP_MatserVoice\VoiceMaster-remote-git\TrboX 3.0\MasterNet\MasterNet\MasterNet\yy-file\src\SocketWrap" /I"F:\VS2013\C++\RTP_MatserVoice\VoiceMaster-remote-git\TrboX 3.0\MasterNet\MasterNet\MasterNet\yy-file\src\MyRTP" /I"F:\VS2013\C++\RTP_MatserVoice\VoiceMaster-remote-git\TrboX 3.0\MasterNet\MasterNet\MasterNet\yy-file\src\MyProtocol" /I"F:\VS2013\C++\RTP_MatserVoice\VoiceMaster-remote-git\TrboX 3.0\MasterNet\MasterNet\MasterNet\yy-file\src\FifoQueue" /I"F:\VS2013\C++\RTP_MatserVoice\VoiceMaster-remote-git\TrboX 3.0\MasterNet\MasterNet\MasterNet\yy-file\src\Common" /I"F:\VS2013\C++\RTP_MatserVoice\VoiceMaster-remote-git\TrboX 3.0\MasterNet\MasterNet\MasterNet\yy-file\src\ClientObj" /ZI /nologo /W3 /WX- /sdl /Od /Oy- /D WIN32 /D _DEBUG /D _CONSOLE /D _LIB /D _UNICODE /D UNICODE /Gm /EHsc /RTC1 /MDd /GS /fp:precise /Zc:wchar_t /Zc:forScope /Fo"Debug\\" /Fd"Debug\vc120.pdb" /Gd /TP /analyze- /errorReport:prompt ..\..\..\WirlineSchedule\NS\source\NSGlobal.cpp
         NSGlobal.cpp
       Link:
         E:\Program x86C\Microsoft Visual Studio 12.0\VC\bin\link.exe /ERRORREPORT:PROMPT /OUT:"F:\VS2013\C++\RTP_MatserVoice\VoiceMaster-remote-git\TrboX 3.0\MasterNet\MasterNet\Debug\MasterNet.exe" /INCREMENTAL /NOLOGO /LIBPATH:"F:\VS2013\C++\RTP_MatserVoice\VoiceMaster-remote-git\TrboX 3.0\MasterNet\MasterNet\MasterNet\yy-file\lib" lib_json.lib jrtplib_d.lib kernel32.lib user32.lib gdi32.lib winspool.lib comdlg32.lib advapi32.lib shell32.lib ole32.lib oleaut32.lib uuid.lib odbc32.lib odbccp32.lib /MANIFEST /MANIFESTUAC:"level='asInvoker' uiAccess='false'" /manifest:embed /DEBUG /PDB:"F:\VS2013\C++\RTP_MatserVoice\VoiceMaster-remote-git\TrboX 3.0\MasterNet\MasterNet\Debug\MasterNet.pdb" /SUBSYSTEM:CONSOLE /TLBID:1 /DYNAMICBASE /NXCOMPAT /IMPLIB:"F:\VS2013\C++\RTP_MatserVoice\VoiceMaster-remote-git\TrboX 3.0\MasterNet\MasterNet\Debug\MasterNet.lib" /MACHINE:X86 Debug\HMAC_SHA1.obj
         Debug\linklist.obj
         Debug\MySQL.obj
         Debug\net.obj
         Debug\NS.obj
         Debug\NSAmbe.obj
         Debug\NSDongle.obj
         Debug\NSGlobal.obj
         Debug\NSLog.obj
         Debug\NSManager.obj
         Debug\NSRecordFile.obj
         Debug\NSSerial.obj
         Debug\NSSound.obj
         Debug\NSWLNet.obj
         Debug\NSWLPeer.obj
         Debug\P2PNet.obj
         Debug\P2PPeer.obj
         Debug\ringbuffer.obj
         Debug\SHA1.obj
         Debug\Tool.obj
         Debug\WDK_VidPidQuery.obj
         Debug\MasterNet.obj
         Debug\stdafx.obj
         Debug\clientobj.obj
         Debug\fifoqueue.obj
         Debug\mymaster.obj
         Debug\myprotocol.obj
         Debug\myrtp.obj
         Debug\socketwrap.obj
         Debug\syninterface.obj
         "..\..\..\WirlineSchedule\NS\include\mysql-connector-c\lib\libmysql.lib"
         "..\..\..\WirlineSchedule\NS\include\mysql-connector-c\lib\mysqlclient.lib"
         MasterNet.vcxproj -> F:\VS2013\C++\RTP_MatserVoice\VoiceMaster-remote-git\TrboX 3.0\MasterNet\MasterNet\Debug\MasterNet.exe
     1>已完成生成项目“F:\VS2013\C++\RTP_MatserVoice\VoiceMaster-remote-git\TrboX 3.0\MasterNet\MasterNet\MasterNet\MasterNet.vcxproj”(Rebuild 个目标)的操作。

生成成功。

已用时间 00:00:17.57
